d:\verified-blockchain\verified-blockchain\win32\debug\verifiedblockchain.pch
d:\verified-blockchain\verified-blockchain\win32\debug\vc142.pdb
d:\verified-blockchain\verified-blockchain\win32\debug\vc142.idb
d:\verified-blockchain\verified-blockchain\win32\debug\pch.obj
d:\verified-blockchain\verified-blockchain\win32\debug\peer.obj
d:\verified-blockchain\verified-blockchain\win32\debug\node.obj
d:\verified-blockchain\verified-blockchain\win32\debug\chain.obj
d:\verified-blockchain\verified-blockchain\win32\debug\block.obj
d:\verified-blockchain\verified-blockchain\win32\debug\verifiedblockchain.ilk
d:\verified-blockchain\verified-blockchain\win32\debug\verifiedblockchain.dll
d:\verified-blockchain\verified-blockchain\win32\debug\verifiedblockchain.pdb
d:\verified-blockchain\verified-blockchain\win32\debug\verifiedblockchain.lib
d:\verified-blockchain\verified-blockchain\win32\debug\verifiedblockchain.exp
d:\verified-blockchain\verified-blockchain\win32\debug\verified.4a8661be.tlog\cl.command.1.tlog
d:\verified-blockchain\verified-blockchain\win32\debug\verified.4a8661be.tlog\cl.read.1.tlog
d:\verified-blockchain\verified-blockchain\win32\debug\verified.4a8661be.tlog\cl.write.1.tlog
d:\verified-blockchain\verified-blockchain\win32\debug\verified.4a8661be.tlog\link.command.1.tlog
d:\verified-blockchain\verified-blockchain\win32\debug\verified.4a8661be.tlog\link.read.1.tlog
d:\verified-blockchain\verified-blockchain\win32\debug\verified.4a8661be.tlog\link.write.1.tlog
d:\verified-blockchain\verified-blockchain\win32\debug\verified.4a8661be.tlog\verified-blockchain.write.1u.tlog
